TN:
SF:api.js
FN:13,(anonymous_0)
FN:28,(anonymous_1)
FN:49,(anonymous_2)
FNF:3
FNH:3
FNDA:2,(anonymous_0)
FNDA:2,(anonymous_1)
FNDA:2,(anonymous_2)
DA:1,1
DA:2,1
DA:3,1
DA:5,1
DA:13,1
DA:14,2
DA:17,2
DA:18,0
DA:22,2
DA:28,2
DA:29,2
DA:30,0
DA:31,0
DA:35,2
DA:36,2
DA:37,0
DA:39,2
DA:41,2
DA:42,1
DA:44,1
DA:49,1
DA:50,2
DA:53,2
DA:54,0
DA:57,2
DA:59,2
DA:60,2
DA:62,2
DA:63,1
DA:67,1
DA:69,1
DA:71,0
DA:72,0
DA:76,1
LF:34
LH:27
BRDA:17,0,0,0
BRDA:17,0,1,2
BRDA:17,1,0,2
BRDA:17,1,1,2
BRDA:29,2,0,0
BRDA:29,2,1,2
BRDA:36,3,0,0
BRDA:36,3,1,2
BRDA:41,4,0,1
BRDA:41,4,1,1
BRDA:53,5,0,0
BRDA:53,5,1,2
BRDA:53,6,0,2
BRDA:53,6,1,2
BRDA:62,7,0,1
BRDA:62,7,1,1
BRF:16
BRH:12
end_of_record
