{"C:\\Users\\Prathamesh\\Desktop\\Agile-Flow-2-5\\sum.js": {"path":"C:\\Users\\Prathamesh\\Desktop\\Agile-Flow-2-5\\sum.js","statementMap":{"0":{"start":{"line":2,"column":4},"end":{"line":2,"column":17}},"1":{"start":{"line":4,"column":2},"end":{"line":4,"column":23}},"2":{"start":{"line":7,"column":4},"end":{"line":7,"column":14}}},"fnMap":{"0":{"name":"sum","decl":{"start":{"line":1,"column":9},"end":{"line":1,"column":12}},"loc":{"start":{"line":1,"column":19},"end":{"line":3,"column":3}},"line":1},"1":{"name":"sub","decl":{"start":{"line":6,"column":11},"end":{"line":6,"column":14}},"loc":{"start":{"line":6,"column":19},"end":{"line":8,"column":3}},"line":6}},"branchMap":{},"s":{"0":2,"1":1,"2":0},"f":{"0":2,"1":0},"b":{},"_coverageSchema":"1a1c01bbd47fc00a2c39e90264f33305004495a9","hash":"4a0c933757f3d2b91be0c4ab1196ff657a962d95"}
}
